-------------------------------------------------------------------------------
Test set: com.example.freemoneynoscam.services.ValidateEmailServiceTest
-------------------------------------------------------------------------------
Tests run: 1, Failures: 1, Errors: 0, Skipped: 0, Time elapsed: 0.015 s <<< FAILURE! - in com.example.freemoneynoscam.services.ValidateEmailServiceTest
isEmailValid  Time elapsed: 0.015 s  <<< FAILURE!
org.opentest4j.AssertionFailedError: expected: <false> but was: <true>
	at com.example.freemoneynoscam.services.ValidateEmailServiceTest.isEmailValid(ValidateEmailServiceTest.java:22)

